[    1671ms] [LOG] %c
▲

  ________            ___    ____   ________                __
 /_  __/ /_  ___     /   |  /  _/  / ____/ /___  __  ______/ /
  / / / __ \/ _ \   / /| |  / /   / /   / / __ \/ / / / __  /
 / / / / / /  __/  / ___ |_/ /   / /___/ / /_/ / /_/ / /_/ /
/_/ /_/ /_/\___/  /_/  |_/___/   \____/_/\____/\__,_/\__,_/
  

Hello!

- Open Source https://vercel.com/oss
- Careers https://vercel.com/careers
- Status https://vercel-status.com

 font-family: "Geist Mono", monospace; white-space: pre; line-height: 1; @ https://vercel.com/_next/static/chunks/2fho9wo6gq4ea.js?dpl=dpl_EpmY7oYkn4DntNBgkpwbZJHt3HiA:72
[    3566ms] [ERROR] Failed to load resource: the server responded with a status of 403 () @ https://vercel.com/api/jwt:0
[    4282ms] [WARNING] Deprecated API for given entry type. @ https://vercel.com/_next/static/chunks/0r9t9spgjjuf4.js?dpl=dpl_EpmY7oYkn4DntNBgkpwbZJHt3HiA:18
[   11657ms] [LOG] %c
▲

    ____                               _ __
   / __ \________  ____ _____ ___     (_) /_
  / / / / ___/ _ \/ __ `/ __ `__ \   / / __/
 / /_/ / /  /  __/ /_/ / / / / / /  / / /__
/_____/_/   \___/\__,_/_/ /_/ /_/  /_/\__( )
   _____ __    _          _ __           |/
  / ___// /_  (_)___     (_) /_
  \__ \/ __ \/ / __ \   / / __/
 ___/ / / / / / /_/ /  / / /_
/____/_/ /_/_/ .___/  /_/\__/
            /_/
  

Hello!

- Open Source https://vercel.com/oss
- Careers https://vercel.com/careers
- Status https://vercel-status.com

 font-family: "Geist Mono", monospace; white-space: pre; line-height: 1; @ https://vercel.com/_next/static/chunks/3bcpw5its3bbd.js?dpl=dpl_EpmY7oYkn4DntNBgkpwbZJHt3HiA:72
[   12277ms] [WARNING] Deprecated API for given entry type. @ https://vercel.com/_next/static/chunks/00ec7qgkg724a.js?dpl=dpl_EpmY7oYkn4DntNBgkpwbZJHt3HiA:18
[   12586ms] [ERROR] Failed to load resource: the server responded with a status of 403 () @ https://vercel.com/api/jwt:0
[   13880ms] [LOG] %c
▲

  ________            ___    ____   ________                __
 /_  __/ /_  ___     /   |  /  _/  / ____/ /___  __  ______/ /
  / / / __ \/ _ \   / /| |  / /   / /   / / __ \/ / / / __  /
 / / / / / /  __/  / ___ |_/ /   / /___/ / /_/ / /_/ / /_/ /
/_/ /_/ /_/\___/  /_/  |_/___/   \____/_/\____/\__,_/\__,_/
  

Hello!

- Open Source https://vercel.com/oss
- Careers https://vercel.com/careers
- Status https://vercel-status.com

 font-family: "Geist Mono", monospace; white-space: pre; line-height: 1; @ https://vercel.com/_next/static/chunks/2fho9wo6gq4ea.js?dpl=dpl_EpmY7oYkn4DntNBgkpwbZJHt3HiA:72
[   14705ms] [WARNING] Deprecated API for given entry type. @ https://vercel.com/_next/static/chunks/0r9t9spgjjuf4.js?dpl=dpl_EpmY7oYkn4DntNBgkpwbZJHt3HiA:18
[   16484ms] [LOG] Error @ https://vercel.com/149e9513-01fa-4fb0-aad4-566afd725d1b/2d206a39-8ed7-437e-a3be-862e0f06eea3/a-4-a/c.js?i=0&v=3&h=vercel.com:0
[   21462ms] [LOG] Error @ :2
[   21525ms] [LOG] Error @ :2
[   21528ms] [LOG] Error @ :2
[   22061ms] [LOG] Error @ :2
[   23532ms] [LOG] Error @ https://vercel.com/149e9513-01fa-4fb0-aad4-566afd725d1b/2d206a39-8ed7-437e-a3be-862e0f06eea3/a-4-a/c.js?i=0&v=3&h=vercel.com:0
